#At time  x  process  y  state  arr  w  total  z  remain  y  wait  k 
At time  1  process  1  started  arr  1  total  6  remain  6  wait  0 
At time  3  process  1  stopped  arr  1  total  6  remain  4  wait  0 
At time  3  process  2  started  arr  2  total  2  remain  2  wait  1 
At time  5  process  2  finished  arr  2  total  2  remain  0  wait  1  TA  3  WTA  1.50 
At time  5  process  3  started  arr  4  total  4  remain  4  wait  1 
At time  7  process  3  stopped  arr  4  total  4  remain  2  wait  1 
At time  7  process  1  resumed  arr  1  total  6  remain  4  wait  4 
At time  9  process  1  stopped  arr  1  total  6  remain  2  wait  4 
At time  9  process  3  resumed  arr  4  total  4  remain  2  wait  3 
At time  11  process  3  finished  arr  4  total  4  remain  0  wait  3  TA  7  WTA  1.75 
At time  11  process  4  started  arr  10  total  3  remain  3  wait  1 
At time  13  process  4  stopped  arr  10  total  3  remain  1  wait  1 
At time  13  process  1  resumed  arr  1  total  6  remain  2  wait  8 
At time  15  process  1  finished  arr  1  total  6  remain  0  wait  8  TA  14  WTA  2.33 
At time  15  process  4  resumed  arr  10  total  3  remain  1  wait  3 
At time  16  process  4  finished  arr  10  total  3  remain  0  wait  3  TA  6  WTA  2.00 
At time  16  process  5  started  arr  13  total  5  remain  5  wait  3 
At time  18  process  5  stopped  arr  13  total  5  remain  3  wait  3 
At time  18  process  5  resumed  arr  13  total  5  remain  3  wait  3 
At time  20  process  5  stopped  arr  13  total  5  remain  1  wait  3 
At time  20  process  5  resumed  arr  13  total  5  remain  1  wait  3 
At time  21  process  5  finished  arr  13  total  5  remain  0  wait  3  TA  8  WTA  1.60 
